[2022-07-06 15:33:28,234] INFO Starting the log cleaner (kafka.log.LogCleaner)
[2022-07-06 15:33:28,315] INFO [kafka-log-cleaner-thread-0]: Starting (kafka.log.LogCleaner)
[2022-07-07 09:27:58,807] INFO Starting the log cleaner (kafka.log.LogCleaner)
[2022-07-07 09:27:58,900] INFO [kafka-log-cleaner-thread-0]: Starting (kafka.log.LogCleaner)
[2022-07-07 09:28:27,454] INFO Shutting down the log cleaner. (kafka.log.LogCleaner)
[2022-07-07 09:28:27,455] INFO [kafka-log-cleaner-thread-0]: Shutting down (kafka.log.LogCleaner)
[2022-07-07 09:28:27,456] INFO [kafka-log-cleaner-thread-0]: Stopped (kafka.log.LogCleaner)
[2022-07-07 09:28:27,456] INFO [kafka-log-cleaner-thread-0]: Shutdown completed (kafka.log.LogCleaner)
[2022-07-07 10:05:24,154] INFO Starting the log cleaner (kafka.log.LogCleaner)
[2022-07-07 10:05:24,245] INFO [kafka-log-cleaner-thread-0]: Starting (kafka.log.LogCleaner)
[2022-07-07 10:17:03,416] INFO Shutting down the log cleaner. (kafka.log.LogCleaner)
[2022-07-07 10:17:03,416] INFO [kafka-log-cleaner-thread-0]: Shutting down (kafka.log.LogCleaner)
[2022-07-07 10:17:03,416] INFO [kafka-log-cleaner-thread-0]: Stopped (kafka.log.LogCleaner)
[2022-07-07 10:17:03,416] INFO [kafka-log-cleaner-thread-0]: Shutdown completed (kafka.log.LogCleaner)
[2022-07-07 10:26:20,531] INFO Starting the log cleaner (kafka.log.LogCleaner)
[2022-07-07 10:26:20,614] INFO [kafka-log-cleaner-thread-0]: Starting (kafka.log.LogCleaner)
[2022-07-07 11:12:03,646] INFO Shutting down the log cleaner. (kafka.log.LogCleaner)
[2022-07-07 11:12:03,648] INFO [kafka-log-cleaner-thread-0]: Shutting down (kafka.log.LogCleaner)
[2022-07-07 11:12:03,648] INFO [kafka-log-cleaner-thread-0]: Stopped (kafka.log.LogCleaner)
[2022-07-07 11:12:03,649] INFO [kafka-log-cleaner-thread-0]: Shutdown completed (kafka.log.LogCleaner)
[2022-07-07 11:12:38,422] INFO Starting the log cleaner (kafka.log.LogCleaner)
[2022-07-07 11:12:38,513] INFO [kafka-log-cleaner-thread-0]: Starting (kafka.log.LogCleaner)
